Arguments: 
  C:\node-12.16.3\node.exe C:\Program Files (x86)\Yarn\bin\yarn.js add --dev @types/react-antive

PATH: 
  D:\Projects\ivan-react-native-dynamic-splash\node_modules\.bin;C:\Program Files (x86)\Common Files\Oracle\Java\javapath;C:\Program Files (x86)\Intel\iCLS Client\;C:\Program Files\Intel\iCLS Client\;C:\WINDOWS\system32;C:\WINDOWS;C:\WINDOWS\System32\Wbem;C:\WINDOWS\System32\WindowsPowerShell\v1.0\;C:\WINDOWS\System32\OpenSSH\;C:\Program Files (x86)\Intel\Intel(R) Management Engine Components\DAL;C:\Program Files\Intel\Intel(R) Management Engine Components\DAL;C:\Program Files (x86)\Intel\Intel(R) Management Engine Components\IPT;C:\Program Files\Intel\Intel(R) Management Engine Components\IPT;C:\Program Files\Git\cmd;C:\node-12.6.0\;C:\Program Files\Microsoft VS Code\bin;C:\watchman;C:\Program Files\nodejs\;C:\Program Files\CMake\bin;C:\Program Files (x86)\Yarn\bin\;D:\open_ssl\bin;D:\Sdk\platform-tools;C:\Program Files\Java\jdk1.8.0_172\bin;C:\node-12.16.3\;C:\Users\ivan.a\AppData\Local\Microsoft\WindowsApps;C:\Users\ivan.a\AppData\Local\Yarn\bin;C:\Users\ivan.a\AppData\Roaming\npm

Yarn version: 
  1.22.0

Node version: 
  12.16.3

Platform: 
  win32 x64

Trace: 
  Error: https://registry.yarnpkg.com/@types%2freact-antive: Not found
      at Request.params.callback [as _callback] (C:\Program Files (x86)\Yarn\lib\cli.js:66084:18)
      at Request.self.callback (C:\Program Files (x86)\Yarn\lib\cli.js:140727:22)
      at Request.emit (events.js:310:20)
      at Request.<anonymous> (C:\Program Files (x86)\Yarn\lib\cli.js:141699:10)
      at Request.emit (events.js:310:20)
      at IncomingMessage.<anonymous> (C:\Program Files (x86)\Yarn\lib\cli.js:141621:12)
      at Object.onceWrapper (events.js:416:28)
      at IncomingMessage.emit (events.js:322:22)
      at endReadableNT (_stream_readable.js:1187:12)
      at processTicksAndRejections (internal/process/task_queues.js:84:21)

npm manifest: 
  {
    "name": "react-native-dynamic-splash",
    "version": "1.1.2",
    "description": "dynamic display splash",
    "main": "index.js",
    "scripts": {
      "ts": "tsc -p .",
      "test": "echo \"Error: no test specified\" && exit 1"
    },
    "author": "TaumuLu",
    "license": "ISC",
    "keywords": [
      "react-native",
      "splash",
      "advertising screen",
      "dynamic",
      "download"
    ],
    "repository": {
      "type": "git",
      "url": "git+https://github.com/TaumuLu/react-native-dynamic-splash.git"
    },
    "bugs": {
      "url": "https://github.com/TaumuLu/react-native-dynamic-splash/issues"
    },
    "homepage": "https://github.com/TaumuLu/react-native-dynamic-splash#readme",
    "devDependencies": {
      "typescript": "^3.9.5"
    }
  }

yarn manifest: 
  No manifest

Lockfile: 
  # THIS IS AN AUTOGENERATED FILE. DO NOT EDIT THIS FILE DIRECTLY.
  # yarn lockfile v1
  
  
  typescript@^3.9.5:
    version "3.9.5"
    resolved "https://registry.yarnpkg.com/typescript/-/typescript-3.9.5.tgz#586f0dba300cde8be52dd1ac4f7e1009c1b13f36"
    integrity sha512-hSAifV3k+i6lEoCJ2k6R2Z/rp/H3+8sdmcn5NrS3/3kE7+RyZXm9aqvxWqjEXHAd8b0pShatpcdMTvEdvAJltQ==
